<?xml version="1.0" encoding="UTF-8"?>
<!-- Generated by org.testng.reporters.JUnitXMLReporter -->
<testsuite ignored="0" hostname="LAPTOP-0MRNG4Q3" failures="1" tests="3" name="Check Listener" time="0.056" errors="0" timestamp="2022-07-27T21:20:25 IST">
  <testcase classname="testNGProgram.CheckParameterization1" name="APILogin" time="0.005"/>
  <testcase classname="testNGProgram.CheckParameterization1" name="mobileLogin" time="0.001"/>
  <testcase classname="testNGProgram.CheckParameterization1" name="webLogin" time="0.0">
    <failure type="org.testng.TestNGException" message="
Parameter &amp;apos;pwd&amp;apos; is required by @Test on method webLogin but has not been marked @Optional or defined
in D:\Selenium_Training\TestNGHandsON\testng_Check_Listners_check.xml">
      <![CDATA[org.testng.TestNGException: 
Parameter 'pwd' is required by @Test on method webLogin but has not been marked @Optional or defined
in D:\Selenium_Training\TestNGHandsON\testng_Check_Listners_check.xml
at java.base/java.util.ArrayList.forEach(ArrayList.java:1511)
... Removed 26 stack frames]]>
    </failure>
  </testcase> <!-- webLogin -->
</testsuite> <!-- Check Listener -->
